0 verbose cli /usr/local/bin/node /usr/local/bin/npm
1 info using npm@11.6.2
2 info using node@v24.13.0
3 silly config load:file:/usr/local/lib/node_modules/npm/npmrc
4 silly config load:file:/Users/alexander/Desktop/ADVSCTTest2/.npmrc
5 silly config load:file:/Users/alexander/.npmrc
6 silly config load:file:/usr/local/etc/npmrc
7 verbose title npm install
8 verbose argv "install"
9 verbose logfile logs-max:10 dir:/Users/alexander/Desktop/ADVSCTTest2/.npm_cache/_logs/2026-04-21T14_32_01_444Z-
10 verbose logfile /Users/alexander/Desktop/ADVSCTTest2/.npm_cache/_logs/2026-04-21T14_32_01_444Z-debug-0.log
11 silly logfile done cleaning log files
12 silly packumentCache heap:4496293888 maxSize:1124073472 maxEntrySize:562036736
13 silly idealTree buildDeps
14 silly reify moves {}
15 silly audit report null
16 verbose cwd /Users/alexander/Desktop/ADVSCTTest2
17 verbose os Darwin 24.6.0
18 verbose node v24.13.0
19 verbose npm  v11.6.2
20 verbose exit 0
21 info ok
